2021-08-30 10:08:45,638 [Worker-3: Loading available Gradle versions] INFO  o.e.b.c.i.u.g.PublishedGradleVersions - Gradle version information cache is up-to-date. Trying to read.
2021-08-30 15:34:27,866 [Worker-0: Loading available Gradle versions] INFO  o.e.b.c.i.u.g.PublishedGradleVersions - Gradle version information cache is up-to-date. Trying to read.
2021-08-30 15:35:15,397 [Worker-1: Loading available Gradle versions] INFO  o.e.b.c.i.u.g.PublishedGradleVersions - Gradle version information cache is up-to-date. Trying to read.
2021-08-30 22:02:11,770 [Worker-0: Loading available Gradle versions] INFO  o.e.b.c.i.u.g.PublishedGradleVersions - Gradle version information cache is up-to-date. Trying to read.
2021-08-31 09:14:05,646 [Worker-0: Loading available Gradle versions] INFO  o.e.b.c.i.u.g.PublishedGradleVersions - Gradle version information cache is up-to-date. Trying to read.
2021-08-31 14:45:43,141 [Worker-0: Loading available Gradle versions] INFO  o.e.b.c.i.u.g.PublishedGradleVersions - Gradle version information cache is out-of-date. Trying to update.
2021-08-31 18:00:39,430 [main] INFO  org.eclipse.jetty.util.log - Logging initialized @11705572ms to org.eclipse.jetty.util.log.Slf4jLog
2021-08-31 18:00:39,780 [main] INFO  org.eclipse.jetty.server.Server - jetty-9.4.37.v20210219; built: 2021-02-23T06:49:41.320Z; git: 27afab2bd37780d179836e313e0fe11bc4fa0ce9; jvm 15.0.2+7-27
2021-08-31 18:00:39,821 [main] INFO  org.eclipse.jetty.server.session - DefaultSessionIdManager workerName=node0
2021-08-31 18:00:39,821 [main] INFO  org.eclipse.jetty.server.session - No SessionScavenger set, using defaults
2021-08-31 18:00:39,824 [main] INFO  org.eclipse.jetty.server.session - node0 Scavenging every 660000ms
2021-08-31 18:00:39,880 [main] INFO  o.e.j.server.handler.ContextHandler - Started o.e.j.s.ServletContextHandler@16c101a3{/wse,null,AVAILABLE}
2021-08-31 18:00:39,937 [main] INFO  o.e.jetty.server.AbstractConnector - Started ServerConnector@3c317768{HTTP/1.1, (http/1.1)}{0.0.0.0:55844}
2021-08-31 18:00:39,938 [main] INFO  org.eclipse.jetty.server.Server - Started @11706093ms
2021-08-31 18:00:39,938 [main] INFO  org.eclipse.jetty.server.session - node0 Scavenging every 726000ms
2021-08-31 18:04:14,455 [Framework stop - Equinox Container: 1f921164-f7f9-4d3a-a671-83bf49bc6de8] INFO  o.e.jetty.server.AbstractConnector - Stopped ServerConnector@3c317768{HTTP/1.1, (http/1.1)}{0.0.0.0:0}
2021-08-31 18:04:14,461 [Framework stop - Equinox Container: 1f921164-f7f9-4d3a-a671-83bf49bc6de8] INFO  org.eclipse.jetty.server.session - node0 Stopped scavenging
2021-08-31 18:04:14,520 [Framework stop - Equinox Container: 1f921164-f7f9-4d3a-a671-83bf49bc6de8] INFO  o.e.j.server.handler.ContextHandler - Stopped o.e.j.s.ServletContextHandler@16c101a3{/wse,null,STOPPED}
2021-08-31 21:03:22,167 [Worker-0: Loading available Gradle versions] INFO  o.e.b.c.i.u.g.PublishedGradleVersions - Gradle version information cache is up-to-date. Trying to read.
2021-09-01 09:14:52,270 [Worker-2: Loading available Gradle versions] INFO  o.e.b.c.i.u.g.PublishedGradleVersions - Gradle version information cache is up-to-date. Trying to read.
2021-09-01 20:03:21,304 [Worker-3: Loading available Gradle versions] INFO  o.e.b.c.i.u.g.PublishedGradleVersions - Gradle version information cache is out-of-date. Trying to update.
2021-09-02 09:32:19,330 [Worker-0: Loading available Gradle versions] INFO  o.e.b.c.i.u.g.PublishedGradleVersions - Gradle version information cache is up-to-date. Trying to read.
2021-09-03 09:12:25,885 [Worker-1: Loading available Gradle versions] INFO  o.e.b.c.i.u.g.PublishedGradleVersions - Gradle version information cache is out-of-date. Trying to update.
2021-09-03 15:09:42,487 [Worker-0: Loading available Gradle versions] INFO  o.e.b.c.i.u.g.PublishedGradleVersions - Gradle version information cache is up-to-date. Trying to read.
2021-09-06 04:56:06,519 [Worker-3: Loading available Gradle versions] INFO  o.e.b.c.i.u.g.PublishedGradleVersions - Gradle version information cache is out-of-date. Trying to update.
2021-09-06 09:12:43,654 [Worker-0: Loading available Gradle versions] INFO  o.e.b.c.i.u.g.PublishedGradleVersions - Gradle version information cache is up-to-date. Trying to read.
2021-09-06 14:13:22,564 [Worker-3: Loading available Gradle versions] INFO  o.e.b.c.i.u.g.PublishedGradleVersions - Gradle version information cache is up-to-date. Trying to read.
2021-09-07 09:14:43,985 [Worker-0: Loading available Gradle versions] INFO  o.e.b.c.i.u.g.PublishedGradleVersions - Gradle version information cache is out-of-date. Trying to update.
2021-09-07 18:20:29,223 [Worker-0: Loading available Gradle versions] INFO  o.e.b.c.i.u.g.PublishedGradleVersions - Gradle version information cache is up-to-date. Trying to read.
2021-09-08 09:22:49,690 [Worker-3: Loading available Gradle versions] INFO  o.e.b.c.i.u.g.PublishedGradleVersions - Gradle version information cache is out-of-date. Trying to update.
2021-09-09 09:28:09,939 [Worker-1: Loading available Gradle versions] INFO  o.e.b.c.i.u.g.PublishedGradleVersions - Gradle version information cache is out-of-date. Trying to update.
2021-09-09 19:21:00,764 [Worker-4: Loading available Gradle versions] INFO  o.e.b.c.i.u.g.PublishedGradleVersions - Gradle version information cache is up-to-date. Trying to read.
2021-09-09 19:25:45,296 [Worker-3: Loading available Gradle versions] INFO  o.e.b.c.i.u.g.PublishedGradleVersions - Gradle version information cache is up-to-date. Trying to read.
2021-09-10 09:14:59,816 [Worker-1: Loading available Gradle versions] INFO  o.e.b.c.i.u.g.PublishedGradleVersions - Gradle version information cache is up-to-date. Trying to read.
